<?xml version="1.0" encoding="UTF-8"?>
<testsuites name="Mocha Tests" time="5.433" tests="2" failures="2">
  <testsuite name="Root Suite" timestamp="2025-03-05T13:42:52" tests="0" file="cypress\e2e\tri_az.cy.js" time="0.000" failures="0">
  </testsuite>
  <testsuite name="Test Tri" timestamp="2025-03-05T13:42:52" tests="2" time="5.426" failures="2">
    <testcase name="Test Tri Tri Alphabétique A-Z" time="0.000" classname="Tri Alphabétique A-Z">
      <failure message="Cannot read properties of undefined (reading &apos;then&apos;)" type="TypeError"><![CDATA[TypeError: Cannot read properties of undefined (reading 'then')
    at Context.eval (webpack:///./cypress/e2e/tri_az.cy.js:21:13)
    at runnable.fn (https://www.saucedemo.com/__cypress/runner/cypress_runner.js:139094:19)
    at callFn (https://www.saucedemo.com/__cypress/runner/cypress_runner.js:157690:21)
    at Runnable.run (https://www.saucedemo.com/__cypress/runner/cypress_runner.js:157677:7)
    at <unknown> (https://www.saucedemo.com/__cypress/runner/cypress_runner.js:163607:30)
    at PassThroughHandlerContext.finallyHandler (https://www.saucedemo.com/__cypress/runner/cypress_runner.js:4042:23)
    at PassThroughHandlerContext.tryCatcher (https://www.saucedemo.com/__cypress/runner/cypress_runner.js:1777:23)
    at Promise._settlePromiseFromHandler (https://www.saucedemo.com/__cypress/runner/cypress_runner.js:1489:31)
    at Promise._settlePromise (https://www.saucedemo.com/__cypress/runner/cypress_runner.js:1546:18)]]></failure>
    </testcase>
    <testcase name="Test Tri Tri Alphabétique Z-A" time="0.000" classname="Tri Alphabétique Z-A">
      <failure message="Cannot read properties of undefined (reading &apos;then&apos;)" type="TypeError"><![CDATA[TypeError: Cannot read properties of undefined (reading 'then')
    at Context.eval (webpack:///./cypress/e2e/tri_az.cy.js:46:13)
    at runnable.fn (https://www.saucedemo.com/__cypress/runner/cypress_runner.js:139094:19)
    at callFn (https://www.saucedemo.com/__cypress/runner/cypress_runner.js:157690:21)
    at Runnable.run (https://www.saucedemo.com/__cypress/runner/cypress_runner.js:157677:7)
    at <unknown> (https://www.saucedemo.com/__cypress/runner/cypress_runner.js:163607:30)
    at PassThroughHandlerContext.finallyHandler (https://www.saucedemo.com/__cypress/runner/cypress_runner.js:4042:23)
    at PassThroughHandlerContext.tryCatcher (https://www.saucedemo.com/__cypress/runner/cypress_runner.js:1777:23)
    at Promise._settlePromiseFromHandler (https://www.saucedemo.com/__cypress/runner/cypress_runner.js:1489:31)
    at Promise._settlePromise (https://www.saucedemo.com/__cypress/runner/cypress_runner.js:1546:18)]]></failure>
    </testcase>
  </testsuite>
</testsuites>